{"C:\\Users\\P7949\\Desktop\\Projects\\employees-api\\src\\model\\employees.ts": {"path":"C:\\Users\\P7949\\Desktop\\Projects\\employees-api\\src\\model\\employees.ts","statementMap":{"0":{"start":{"line":1,"column":16},"end":{"line":18,"column":2}},"1":{"start":{"line":20,"column":8},"end":{"line":20,"column":17}}},"fnMap":{},"branchMap":{},"s":{"0":1,"1":1},"f":{},"b":{}}
,"C:\\Users\\P7949\\Desktop\\Projects\\employees-api\\src\\routes\\getAllEmployees.ts": {"path":"C:\\Users\\P7949\\Desktop\\Projects\\employees-api\\src\\routes\\getAllEmployees.ts","statementMap":{"0":{"start":{"line":2,"column":0},"end":{"line":2,"column":45}},"1":{"start":{"line":5,"column":4},"end":{"line":5,"column":43}},"2":{"start":{"line":8,"column":8},"end":{"line":8,"column":23}}},"fnMap":{"0":{"name":"getAllEmployees","decl":{"start":{"line":4,"column":9},"end":{"line":4,"column":24}},"loc":{"start":{"line":4,"column":53},"end":{"line":6,"column":1}}}},"branchMap":{},"s":{"0":1,"1":1,"2":1},"f":{"0":1},"b":{}}
}
